4/9/2022  14:56:23  The program started running
4/9/2022  14:56:26  The user requested to add an item to the list
4/9/2022  14:56:26  create new item
4/9/2022  14:56:26  list is started new
4/9/2022  14:56:27  The user requested to add an item to the list
4/9/2022  14:56:27  create new item
4/9/2022  14:56:27  The user requested to add an item to the list
4/9/2022  14:56:27  create new item
4/9/2022  14:56:27  The user requested to add an item to the list
4/9/2022  14:56:27  create new item
4/9/2022  14:56:28  The user requested to add an item to the list
4/9/2022  14:56:28  create new item
4/9/2022  14:56:28  The user requested to add an item to the list
4/9/2022  14:56:28  create new item
4/9/2022  14:56:29  The user requested to add an item to the list
4/9/2022  14:56:29  create new item
4/9/2022  14:56:29  The user requested to add an item to the list
4/9/2022  14:56:29  create new item
4/9/2022  14:56:32  The user requested to print all the list
4/9/2022  14:56:32  The list has been printed
4/9/2022  14:57:4  The user requested to sort the list in shaker style
4/9/2022  15:9:48  The program started running
4/9/2022  15:9:55  The user requested to add an item to the list
4/9/2022  15:9:55  create new item
4/9/2022  15:9:55  list is started new
4/9/2022  15:9:55  The user requested to add an item to the list
4/9/2022  15:9:55  create new item
4/9/2022  15:9:55  The user requested to add an item to the list
4/9/2022  15:9:55  create new item
4/9/2022  15:9:55  The user requested to add an item to the list
4/9/2022  15:9:55  create new item
4/9/2022  15:9:55  The user requested to add an item to the list
4/9/2022  15:9:55  create new item
4/9/2022  15:9:56  The user requested to add an item to the list
4/9/2022  15:9:56  create new item
4/9/2022  15:9:56  The user requested to add an item to the list
4/9/2022  15:9:56  create new item
4/9/2022  15:9:58  The user requested to print all the list
4/9/2022  15:9:58  The list has been printed
4/9/2022  15:10:4  The user requested to sort the list in shaker style
4/9/2022  15:28:36  The program started running
4/9/2022  15:28:37  The user requested to add an item to the list
4/9/2022  15:28:37  create new item
4/9/2022  15:28:37  list is started new
4/9/2022  15:28:37  The user requested to add an item to the list
4/9/2022  15:28:37  create new item
4/9/2022  15:28:37  The user requested to add an item to the list
4/9/2022  15:28:37  create new item
4/9/2022  15:28:37  The user requested to add an item to the list
4/9/2022  15:28:37  create new item
4/9/2022  15:28:51  The user requested to add an item to the list
4/9/2022  15:28:51  create new item
4/9/2022  15:28:53  The user requested to print all the list
4/9/2022  15:28:53  The list has been printed
4/9/2022  15:28:58  The user requested to add an item to the list
4/9/2022  15:28:58  create new item
4/9/2022  15:28:58  The user requested to add an item to the list
4/9/2022  15:28:58  create new item
4/9/2022  15:28:58  The user requested to add an item to the list
4/9/2022  15:28:58  create new item
4/9/2022  15:28:59  The user requested to print all the list
4/9/2022  15:28:59  The list has been printed
4/9/2022  15:29:13  The program started running
4/9/2022  15:29:13  The user requested to add an item to the list
4/9/2022  15:29:13  create new item
4/9/2022  15:29:13  list is started new
4/9/2022  15:29:13  The user requested to add an item to the list
4/9/2022  15:29:13  create new item
4/9/2022  15:29:14  The user requested to add an item to the list
4/9/2022  15:29:14  create new item
4/9/2022  15:29:14  The user requested to add an item to the list
4/9/2022  15:29:14  create new item
4/9/2022  15:29:14  The user requested to add an item to the list
4/9/2022  15:29:14  create new item
4/9/2022  15:29:14  The user requested to add an item to the list
4/9/2022  15:29:14  create new item
4/9/2022  15:29:15  The user requested to add an item to the list
4/9/2022  15:29:15  create new item
4/9/2022  15:29:15  The user requested to add an item to the list
4/9/2022  15:29:15  create new item
4/9/2022  15:29:16  The user requested to print all the list
4/9/2022  15:29:16  The list has been printed
4/9/2022  15:29:21  The user requested to sort the list in shaker style
4/9/2022  15:29:29  The program started running
4/9/2022  15:29:30  The user requested to add an item to the list
4/9/2022  15:29:30  create new item
4/9/2022  15:29:30  list is started new
4/9/2022  15:29:31  The user requested to add an item to the list
4/9/2022  15:29:31  create new item
4/9/2022  15:29:31  The user requested to add an item to the list
4/9/2022  15:29:31  create new item
4/9/2022  15:29:31  The user requested to add an item to the list
4/9/2022  15:29:31  create new item
4/9/2022  15:29:31  The user requested to add an item to the list
4/9/2022  15:29:31  create new item
4/9/2022  15:29:31  The user requested to add an item to the list
4/9/2022  15:29:31  create new item
4/9/2022  15:29:32  The user requested to add an item to the list
4/9/2022  15:29:32  create new item
4/9/2022  15:29:32  The user requested to add an item to the list
4/9/2022  15:29:32  create new item
4/9/2022  15:29:34  The user requested to print all the list
4/9/2022  15:29:34  The list has been printed
4/9/2022  15:29:35  The user requested to sort the list in shaker style
4/9/2022  15:39:30  The program started running
4/9/2022  15:39:33  The user requested to add an item to the list
4/9/2022  15:39:33  create new item
4/9/2022  15:39:33  list is started new
4/9/2022  15:39:34  The user requested to add an item to the list
4/9/2022  15:39:34  create new item
4/9/2022  15:39:34  The user requested to add an item to the list
4/9/2022  15:39:34  create new item
4/9/2022  15:39:34  The user requested to add an item to the list
4/9/2022  15:39:34  create new item
4/9/2022  15:39:34  The user requested to add an item to the list
4/9/2022  15:39:34  create new item
4/9/2022  15:39:34  The user requested to add an item to the list
4/9/2022  15:39:34  create new item
4/9/2022  15:39:35  The user requested to add an item to the list
4/9/2022  15:39:35  create new item
4/9/2022  15:39:35  The user requested to add an item to the list
4/9/2022  15:39:35  create new item
4/9/2022  15:39:37  The user requested to print all the list
4/9/2022  15:39:37  The list has been printed
4/9/2022  15:39:42  The user requested to sort the list in shaker style
4/9/2022  15:53:21  The program started running
4/9/2022  15:53:22  The user requested to add an item to the list
4/9/2022  15:53:22  create new item
4/9/2022  15:53:22  list is started new
4/9/2022  15:53:22  The user requested to add an item to the list
4/9/2022  15:53:22  create new item
4/9/2022  15:53:22  The user requested to add an item to the list
4/9/2022  15:53:23  create new item
4/9/2022  15:53:24  The user requested to print all the list
4/9/2022  15:53:24  The list has been printed
4/9/2022  15:53:28  The user requested to add an item to the list
4/9/2022  15:53:28  create new item
4/9/2022  15:53:29  The user requested to add an item to the list
4/9/2022  15:53:29  create new item
4/9/2022  15:53:29  The user requested to add an item to the list
4/9/2022  15:53:29  create new item
4/9/2022  15:53:29  The user requested to print all the list
4/9/2022  15:53:29  The list has been printed
4/9/2022  15:53:39  The user requested to sort the list in shaker style
4/9/2022  16:16:5  The program started running
4/9/2022  16:16:7  The user requested to add an item to the list
4/9/2022  16:16:7  create new item
4/9/2022  16:16:7  list is started new
4/9/2022  16:16:7  The user requested to add an item to the list
4/9/2022  16:16:7  create new item
4/9/2022  16:16:9  The user requested to sort the list in shaker style
4/9/2022  16:16:41  The program started running
4/9/2022  16:16:43  The user requested to add an item to the list
4/9/2022  16:16:43  create new item
4/9/2022  16:16:43  list is started new
4/9/2022  16:16:43  The user requested to add an item to the list
4/9/2022  16:16:43  create new item
4/9/2022  16:16:44  The user requested to add an item to the list
4/9/2022  16:16:44  create new item
4/9/2022  16:16:44  The user requested to add an item to the list
4/9/2022  16:16:44  create new item
4/9/2022  16:16:44  The user requested to add an item to the list
4/9/2022  16:16:44  create new item
4/9/2022  16:16:45  The user requested to print all the list
4/9/2022  16:16:45  The list has been printed
4/9/2022  16:16:49  The user requested to add an item to the list
4/9/2022  16:16:49  create new item
4/9/2022  16:16:49  The user requested to add an item to the list
4/9/2022  16:16:49  create new item
4/9/2022  16:16:49  The user requested to add an item to the list
4/9/2022  16:16:49  create new item
4/9/2022  16:16:50  The user requested to add an item to the list
4/9/2022  16:16:50  create new item
4/9/2022  16:16:50  The user requested to add an item to the list
4/9/2022  16:16:50  create new item
4/9/2022  16:16:51  The user requested to print all the list
4/9/2022  16:16:51  The list has been printed
4/9/2022  16:17:4  The user requested to sort the list in shaker style
4/9/2022  16:20:29  The program started running
4/9/2022  16:20:31  The user requested to add an item to the list
4/9/2022  16:20:31  create new item
4/9/2022  16:20:31  list is started new
4/9/2022  16:20:32  The user requested to add an item to the list
4/9/2022  16:20:32  create new item
4/9/2022  16:20:32  The user requested to add an item to the list
4/9/2022  16:20:32  create new item
4/9/2022  16:20:32  The user requested to add an item to the list
4/9/2022  16:20:32  create new item
4/9/2022  16:20:34  The user requested to add an item to the list
4/9/2022  16:20:34  create new item
4/9/2022  16:20:34  The user requested to print all the list
4/9/2022  16:20:34  The list has been printed
4/9/2022  16:20:38  The user requested to sort the list in shaker style
4/9/2022  16:48:13  The program started running
4/9/2022  16:48:14  The user requested to add an item to the list
4/9/2022  16:48:14  create new item
4/9/2022  16:48:14  list is started new
4/9/2022  16:48:14  The user requested to add an item to the list
4/9/2022  16:48:14  create new item
4/9/2022  16:48:14  The user requested to add an item to the list
4/9/2022  16:48:14  create new item
4/9/2022  16:48:15  The user requested to add an item to the list
4/9/2022  16:48:15  create new item
4/9/2022  16:48:15  The user requested to add an item to the list
4/9/2022  16:48:15  create new item
4/9/2022  16:48:15  The user requested to add an item to the list
4/9/2022  16:48:15  create new item
4/9/2022  16:48:15  The user requested to add an item to the list
4/9/2022  16:48:15  create new item
4/9/2022  16:48:16  The user requested to print all the list
4/9/2022  16:48:16  The list has been printed
4/9/2022  16:48:19  The user requested to sort the list in shaker style
4/9/2022  16:49:38  The program started running
4/9/2022  16:49:42  The user requested to add an item to the list
4/9/2022  16:49:42  create new item
4/9/2022  16:49:42  list is started new
4/9/2022  16:49:42  The user requested to add an item to the list
4/9/2022  16:49:42  create new item
4/9/2022  16:49:43  The user requested to add an item to the list
4/9/2022  16:49:43  create new item
4/9/2022  16:49:43  The user requested to add an item to the list
4/9/2022  16:49:43  create new item
4/9/2022  16:49:43  The user requested to add an item to the list
4/9/2022  16:49:43  create new item
4/9/2022  16:49:43  The user requested to add an item to the list
4/9/2022  16:49:43  create new item
4/9/2022  16:49:46  The user requested to add an item to the list
4/9/2022  16:49:46  create new item
4/9/2022  16:49:46  The user requested to print all the list
4/9/2022  16:49:46  The list has been printed
4/9/2022  16:49:51  The user requested to sort the list in shaker style
4/9/2022  16:51:6  The program started running
4/9/2022  16:51:7  The user requested to add an item to the list
4/9/2022  16:51:7  create new item
4/9/2022  16:51:7  list is started new
4/9/2022  16:51:8  The user requested to add an item to the list
4/9/2022  16:51:8  create new item
4/9/2022  16:51:8  The user requested to add an item to the list
4/9/2022  16:51:8  create new item
4/9/2022  16:51:8  The user requested to add an item to the list
4/9/2022  16:51:8  create new item
4/9/2022  16:51:8  The user requested to add an item to the list
4/9/2022  16:51:8  create new item
4/9/2022  16:51:8  The user requested to add an item to the list
4/9/2022  16:51:8  create new item
4/9/2022  16:51:11  The user requested to print all the list
4/9/2022  16:51:11  The list has been printed
4/9/2022  16:51:19  The user requested to sort the list in shaker style
4/9/2022  16:52:48  The program started running
4/9/2022  16:52:49  The user requested to add an item to the list
4/9/2022  16:52:49  create new item
4/9/2022  16:52:49  list is started new
4/9/2022  16:52:49  The user requested to add an item to the list
4/9/2022  16:52:49  create new item
4/9/2022  16:52:50  The user requested to add an item to the list
4/9/2022  16:52:50  create new item
4/9/2022  16:52:50  The user requested to add an item to the list
4/9/2022  16:52:50  create new item
4/9/2022  16:52:50  The user requested to add an item to the list
4/9/2022  16:52:50  create new item
4/9/2022  16:52:50  The user requested to add an item to the list
4/9/2022  16:52:50  create new item
4/9/2022  16:52:55  The user requested to print all the list
4/9/2022  16:52:55  The list has been printed
4/9/2022  16:53:2  The user requested to sort the list in shaker style
4/9/2022  16:53:41  The program started running
4/9/2022  16:53:43  The user requested to add an item to the list
4/9/2022  16:53:43  create new item
4/9/2022  16:53:43  list is started new
4/9/2022  16:53:43  The user requested to add an item to the list
4/9/2022  16:53:43  create new item
4/9/2022  16:53:43  The user requested to add an item to the list
4/9/2022  16:53:43  create new item
4/9/2022  16:53:43  The user requested to add an item to the list
4/9/2022  16:53:43  create new item
4/9/2022  16:53:43  The user requested to add an item to the list
4/9/2022  16:53:43  create new item
4/9/2022  16:53:44  The user requested to add an item to the list
4/9/2022  16:53:44  create new item
4/9/2022  16:53:48  The user requested to print all the list
4/9/2022  16:53:48  The list has been printed
4/9/2022  16:53:51  The user requested to sort the list in shaker style
4/9/2022  16:56:39  The program started running
4/9/2022  16:56:42  The user requested to add an item to the list
4/9/2022  16:56:42  create new item
4/9/2022  16:56:42  list is started new
4/9/2022  16:56:43  The user requested to add an item to the list
4/9/2022  16:56:43  create new item
4/9/2022  16:56:43  The user requested to add an item to the list
4/9/2022  16:56:43  create new item
4/9/2022  16:56:43  The user requested to add an item to the list
4/9/2022  16:56:43  create new item
4/9/2022  16:56:43  The user requested to add an item to the list
4/9/2022  16:56:43  create new item
4/9/2022  16:56:44  The user requested to add an item to the list
4/9/2022  16:56:44  create new item
4/9/2022  16:56:44  The user requested to print all the list
4/9/2022  16:56:44  The list has been printed
4/9/2022  16:56:47  The user requested to sort the list in shaker style
4/9/2022  17:0:51  The program started running
4/9/2022  17:0:54  The user requested to add an item to the list
4/9/2022  17:0:54  create new item
4/9/2022  17:0:54  list is started new
4/9/2022  17:0:54  The user requested to add an item to the list
4/9/2022  17:0:54  create new item
4/9/2022  17:0:54  The user requested to add an item to the list
4/9/2022  17:0:54  create new item
4/9/2022  17:0:54  The user requested to add an item to the list
4/9/2022  17:0:54  create new item
4/9/2022  17:0:55  The user requested to print all the list
4/9/2022  17:0:55  The list has been printed
4/9/2022  17:1:2  The user requested to sort the list in shaker style
4/9/2022  17:15:56  The program started running
4/9/2022  17:15:58  The user requested to add an item to the list
4/9/2022  17:15:58  create new item
4/9/2022  17:15:58  list is started new
4/9/2022  17:15:58  The user requested to add an item to the list
4/9/2022  17:15:58  create new item
4/9/2022  17:15:58  The user requested to add an item to the list
4/9/2022  17:15:58  create new item
4/9/2022  17:15:59  The user requested to add an item to the list
4/9/2022  17:15:59  create new item
4/9/2022  17:15:59  The user requested to add an item to the list
4/9/2022  17:15:59  create new item
4/9/2022  17:15:59  The user requested to add an item to the list
4/9/2022  17:15:59  create new item
4/9/2022  17:15:59  The user requested to add an item to the list
4/9/2022  17:15:59  create new item
4/9/2022  17:15:59  The user requested to add an item to the list
4/9/2022  17:15:59  create new item
4/9/2022  17:15:59  The user requested to add an item to the list
4/9/2022  17:15:59  create new item
4/9/2022  17:16:0  The user requested to add an item to the list
4/9/2022  17:16:0  create new item
4/9/2022  17:16:0  The user requested to add an item to the list
4/9/2022  17:16:0  create new item
4/9/2022  17:16:0  The user requested to add an item to the list
4/9/2022  17:16:0  create new item
4/9/2022  17:16:5  The user requested to print all the list
4/9/2022  17:16:5  The list has been printed
4/9/2022  17:16:46  The user requested to sort the list in shaker style
4/9/2022  17:16:46  The shaker-style sorting was done
