c:\users\achiy\desktop\visual studio\רשימות מקושרות\shaker and buble\sorted_list_class\sorted_list_class\x64\debug\vc143.pdb
c:\users\achiy\desktop\visual studio\רשימות מקושרות\shaker and buble\sorted_list_class\sorted_list_class\x64\debug\vc143.idb
c:\users\achiy\desktop\visual studio\רשימות מקושרות\shaker and buble\sorted_list_class\sorted_list_class\x64\debug\source.obj
c:\users\achiy\desktop\visual studio\רשימות מקושרות\shaker and buble\sorted_list_class\sorted_list_class\x64\debug\sorted_list_class.obj
c:\users\achiy\desktop\visual studio\רשימות מקושרות\shaker and buble\sorted_list_class\x64\debug\sorted_list_class.pdb
c:\users\achiy\desktop\visual studio\רשימות מקושרות\shaker and buble\sorted_list_class\sorted_list_class\x64\debug\sorted_l.c5279a0d.tlog\cl.command.1.tlog
c:\users\achiy\desktop\visual studio\רשימות מקושרות\shaker and buble\sorted_list_class\sorted_list_class\x64\debug\sorted_l.c5279a0d.tlog\cl.read.1.tlog
c:\users\achiy\desktop\visual studio\רשימות מקושרות\shaker and buble\sorted_list_class\sorted_list_class\x64\debug\sorted_l.c5279a0d.tlog\cl.write.1.tlog
c:\users\achiy\desktop\visual studio\רשימות מקושרות\shaker and buble\sorted_list_class\sorted_list_class\x64\debug\sorted_l.c5279a0d.tlog\link-cvtres.read.1.tlog
c:\users\achiy\desktop\visual studio\רשימות מקושרות\shaker and buble\sorted_list_class\sorted_list_class\x64\debug\sorted_l.c5279a0d.tlog\link-cvtres.write.1.tlog
c:\users\achiy\desktop\visual studio\רשימות מקושרות\shaker and buble\sorted_list_class\sorted_list_class\x64\debug\sorted_l.c5279a0d.tlog\link-rc.read.1.tlog
c:\users\achiy\desktop\visual studio\רשימות מקושרות\shaker and buble\sorted_list_class\sorted_list_class\x64\debug\sorted_l.c5279a0d.tlog\link-rc.write.1.tlog
c:\users\achiy\desktop\visual studio\רשימות מקושרות\shaker and buble\sorted_list_class\sorted_list_class\x64\debug\sorted_l.c5279a0d.tlog\link.7828-cvtres.read.1.tlog
c:\users\achiy\desktop\visual studio\רשימות מקושרות\shaker and buble\sorted_list_class\sorted_list_class\x64\debug\sorted_l.c5279a0d.tlog\link.7828-cvtres.write.1.tlog
c:\users\achiy\desktop\visual studio\רשימות מקושרות\shaker and buble\sorted_list_class\sorted_list_class\x64\debug\sorted_l.c5279a0d.tlog\link.7828-rc.read.1.tlog
c:\users\achiy\desktop\visual studio\רשימות מקושרות\shaker and buble\sorted_list_class\sorted_list_class\x64\debug\sorted_l.c5279a0d.tlog\link.7828-rc.write.1.tlog
c:\users\achiy\desktop\visual studio\רשימות מקושרות\shaker and buble\sorted_list_class\sorted_list_class\x64\debug\sorted_l.c5279a0d.tlog\link.7828.read.1.tlog
c:\users\achiy\desktop\visual studio\רשימות מקושרות\shaker and buble\sorted_list_class\sorted_list_class\x64\debug\sorted_l.c5279a0d.tlog\link.7828.read.2.tlog
c:\users\achiy\desktop\visual studio\רשימות מקושרות\shaker and buble\sorted_list_class\sorted_list_class\x64\debug\sorted_l.c5279a0d.tlog\link.7828.write.1.tlog
c:\users\achiy\desktop\visual studio\רשימות מקושרות\shaker and buble\sorted_list_class\sorted_list_class\x64\debug\sorted_l.c5279a0d.tlog\link.command.1.tlog
c:\users\achiy\desktop\visual studio\רשימות מקושרות\shaker and buble\sorted_list_class\sorted_list_class\x64\debug\sorted_l.c5279a0d.tlog\link.read.1.tlog
c:\users\achiy\desktop\visual studio\רשימות מקושרות\shaker and buble\sorted_list_class\sorted_list_class\x64\debug\sorted_l.c5279a0d.tlog\link.read.2.tlog
c:\users\achiy\desktop\visual studio\רשימות מקושרות\shaker and buble\sorted_list_class\sorted_list_class\x64\debug\sorted_l.c5279a0d.tlog\link.write.1.tlog
